<?xml version="1.0" encoding="UTF-8"?>
<!-- Generated by org.testng.reporters.JUnitReportReporter -->
<testsuite hostname="DESKTOP-EQSPP4S" failures="0" tests="4" name="TestRunner.RunnerTest" time="25.309" errors="0" timestamp="2023-08-02T12:53:24 IST" skipped="0">
  <testcase classname="TestRunner.RunnerTest" name="runScenario" time="5.945"/>
  <system-out/>
  <testcase classname="TestRunner.RunnerTest" name="runScenario" time="8.205"/>
  <system-out/>
  <testcase classname="TestRunner.RunnerTest" name="runScenario" time="5.021"/>
  <system-out/>
  <testcase classname="TestRunner.RunnerTest" name="runScenario" time="6.138"/>
  <system-out/>
</testsuite> <!-- TestRunner.RunnerTest -->
